<?xml version="1.0" encoding="UTF-8"?>
<!-- Generated by org.testng.reporters.JUnitXMLReporter -->
<testsuite ignored="0" hostname="BASHA-ACER-DESKTOP-ST0K4HH" failures="2" tests="4" name="Test(failed)" time="35.226" errors="0" timestamp="2025-10-20T15:19:35 IST">
  <testcase classname="HybridProjectDemo.registrationTest" name="homepage" time="2.911">
    <skipped/>
  </testcase> <!-- homepage -->
  <testcase classname="HybridProjectDemo.registrationTest" name="homepage" time="2.221">
    <failure type="java.lang.AssertionError" message="expected [Your Account Has Been Created!+] but found [Your Account Has Been Created!]">
      <![CDATA[java.lang.AssertionError: expected [Your Account Has Been Created!+] but found [Your Account Has Been Created!]
at HybridProjectDemo.registrationTest.homepage(registrationTest.java:39)
at java.base/java.util.ArrayList.forEach(ArrayList.java:1511)
... Removed 33 stack frames]]>
    </failure>
  </testcase> <!-- homepage -->
  <testcase classname="HybridProjectDemo.loginTest" name="testlogin" time="6.119">
    <skipped/>
  </testcase> <!-- testlogin -->
  <testcase classname="HybridProjectDemo.loginTest" name="testlogin" time="6.019">
    <failure type="java.lang.AssertionError" message="The following asserts failed:
	invalid account expected [true] but found [false]">
      <![CDATA[java.lang.AssertionError: The following asserts failed:
invalid account expected [true] but found [false]
at HybridProjectDemo.loginTest.testlogin(loginTest.java:39)
at java.base/java.util.ArrayList.forEach(ArrayList.java:1511)
... Removed 29 stack frames]]>
    </failure>
  </testcase> <!-- testlogin -->
</testsuite> <!-- Test(failed) -->
