<?xml version="1.0" encoding="UTF-8"?>
<testng-results ignored="0" total="2" passed="2" failed="0" skipped="0">
  <reporter-output>
  </reporter-output>
  <suite started-at="2025-10-21T01:24:40 IST" name="test login" finished-at="2025-10-21T01:24:52 IST" duration-ms="11641">
    <groups>
      <group name="Regression">
        <method signature="loginTest.testlogin()[pri:0, instance:HybridProjectDemo.loginTest@7b420819]" name="testlogin" class="HybridProjectDemo.loginTest"/>
        <method signature="registrationTest.homepage()[pri:0, instance:HybridProjectDemo.registrationTest@67545b57]" name="homepage" class="HybridProjectDemo.registrationTest"/>
      </group> <!-- Regression -->
      <group name="sanity">
        <method signature="loginTest.testlogin()[pri:0, instance:HybridProjectDemo.loginTest@7b420819]" name="testlogin" class="HybridProjectDemo.loginTest"/>
      </group> <!-- sanity -->
    </groups>
    <test started-at="2025-10-21T01:24:40 IST" name="Test" finished-at="2025-10-21T01:24:52 IST" duration-ms="11641">
      <class name="HybridProjectDemo.loginTest">
        <test-method is-config="true" signature="setup(java.lang.String)[pri:0, instance:HybridProjectDemo.loginTest@7b420819]" started-at="2025-10-21T01:24:46 IST" name="setup" finished-at="2025-10-21T01:24:48 IST" duration-ms="2505" status="PASS">
          <params>
            <param index="0">
              <value>
                <![CDATA[chromeheadless]]>
              </value>
            </param>
          </params>
          <reporter-output>
          </reporter-output>
        </test-method> <!-- setup -->
        <test-method signature="testlogin()[pri:0, instance:HybridProjectDemo.loginTest@7b420819]" started-at="2025-10-21T01:24:48 IST" name="testlogin" finished-at="2025-10-21T01:24:51 IST" duration-ms="2629" status="PASS">
          <reporter-output>
          </reporter-output>
        </test-method> <!-- testlogin -->
        <test-method is-config="true" signature="teardown()[pri:0, instance:HybridProjectDemo.loginTest@7b420819]" started-at="2025-10-21T01:24:51 IST" name="teardown" finished-at="2025-10-21T01:24:52 IST" duration-ms="538" status="PASS">
          <reporter-output>
          </reporter-output>
        </test-method> <!-- teardown -->
      </class> <!-- HybridProjectDemo.loginTest -->
      <class name="HybridProjectDemo.registrationTest">
        <test-method is-config="true" signature="setup(java.lang.String)[pri:0, instance:HybridProjectDemo.registrationTest@67545b57]" started-at="2025-10-21T01:24:40 IST" name="setup" finished-at="2025-10-21T01:24:43 IST" duration-ms="2985" status="PASS">
          <params>
            <param index="0">
              <value>
                <![CDATA[chromeheadless]]>
              </value>
            </param>
          </params>
          <reporter-output>
          </reporter-output>
        </test-method> <!-- setup -->
        <test-method signature="homepage()[pri:0, instance:HybridProjectDemo.registrationTest@67545b57]" started-at="2025-10-21T01:24:43 IST" name="homepage" finished-at="2025-10-21T01:24:45 IST" duration-ms="2527" status="PASS">
          <reporter-output>
          </reporter-output>
        </test-method> <!-- homepage -->
        <test-method is-config="true" signature="teardown()[pri:0, instance:HybridProjectDemo.registrationTest@67545b57]" started-at="2025-10-21T01:24:45 IST" name="teardown" finished-at="2025-10-21T01:24:46 IST" duration-ms="388" status="PASS">
          <reporter-output>
          </reporter-output>
        </test-method> <!-- teardown -->
      </class> <!-- HybridProjectDemo.registrationTest -->
    </test> <!-- Test -->
  </suite> <!-- test login -->
</testng-results>
